------------------------------
Commit: 73620661fd96cd6b60acc48e5934d5999b1bab2f
Author: Pruthvi Bhat(UST
Message: testing 100
Time: Wed, Apr  8, 2026  3:38:14 PM
------------------------------
------------------------------
Commit: 92370011b87f9a403f7528e5b26276724683e560
Author: Pruthvi Bhat(UST
Message: trying trivy scan for docker images
Time: Fri, Apr 10, 2026  3:16:49 PM
------------------------------
------------------------------
Commit: 7f8cfa1ffadfbe78cc0a4279437bfb05c139b84a
Author: Pruthvi Bhat(UST
Message: corrected the docker build
Time: Fri, Apr 10, 2026  3:20:12 PM
------------------------------
------------------------------
Commit: 7aee0c937399009b8739734a13507d08adfcd787
Author: Pruthvi Bhat(UST
Message: final modification
Time: Fri, Apr 10, 2026  3:21:41 PM
------------------------------
------------------------------
Commit: 653baf0ea53817b9b28e011e613f645069353c8f
Author: Pruthvi Bhat(UST
Message: final modification final
Time: Fri, Apr 10, 2026  3:23:45 PM
------------------------------
